0 info it worked if it ends with ok
1 verbose cli [ '/Users/ybowang/.nvm/versions/node/v7.7.0/bin/node',
1 verbose cli   '/Users/ybowang/.nvm/versions/node/v7.7.0/bin/npm',
1 verbose cli   'run',
1 verbose cli   'webpack' ]
2 info using npm@4.1.2
3 info using node@v7.7.0
4 verbose stack Error: missing script: webpack
4 verbose stack     at run (/Users/ybowang/.nvm/versions/node/v7.7.0/lib/node_modules/npm/lib/run-script.js:151:19)
4 verbose stack     at /Users/ybowang/.nvm/versions/node/v7.7.0/lib/node_modules/npm/lib/run-script.js:61:5
4 verbose stack     at /Users/ybowang/.nvm/versions/node/v7.7.0/lib/node_modules/npm/node_modules/read-package-json/read-json.js:356:5
4 verbose stack     at checkBinReferences_ (/Users/ybowang/.nvm/versions/node/v7.7.0/lib/node_modules/npm/node_modules/read-package-json/read-json.js:320:45)
4 verbose stack     at final (/Users/ybowang/.nvm/versions/node/v7.7.0/lib/node_modules/npm/node_modules/read-package-json/read-json.js:354:3)
4 verbose stack     at then (/Users/ybowang/.nvm/versions/node/v7.7.0/lib/node_modules/npm/node_modules/read-package-json/read-json.js:124:5)
4 verbose stack     at ReadFileContext.<anonymous> (/Users/ybowang/.nvm/versions/node/v7.7.0/lib/node_modules/npm/node_modules/read-package-json/read-json.js:295:20)
4 verbose stack     at ReadFileContext.callback (/Users/ybowang/.nvm/versions/node/v7.7.0/lib/node_modules/npm/node_modules/graceful-fs/graceful-fs.js:78:16)
4 verbose stack     at FSReqWrap.readFileAfterOpen [as oncomplete] (fs.js:358:13)
5 verbose cwd /Users/ybowang/Documents/workspace/future_star_shortcut_key_exercise/frontend
6 error Darwin 16.7.0
7 error argv "/Users/ybowang/.nvm/versions/node/v7.7.0/bin/node" "/Users/ybowang/.nvm/versions/node/v7.7.0/bin/npm" "run" "webpack"
8 error node v7.7.0
9 error npm  v4.1.2
10 error missing script: webpack
11 error If you need help, you may report this error at:
11 error     <https://github.com/npm/npm/issues>
12 verbose exit [ 1, true ]
